<?xml version="1.0" encoding="UTF-8"?>
<!-- Generated by org.testng.reporters.JUnitReportReporter -->
<testsuite hostname="nn-PC" name="tests.DemoTest2" tests="1" failures="0" timestamp="16 Jan 2020 04:26:41 GMT" time="0.022" errors="0">
  <testcase name="openMyBlog" time="0.022" classname="tests.DemoTest2"/>
</testsuite> <!-- tests.DemoTest2 -->
